<?xml version="1.0" encoding="UTF-8"?>
<testng-results ignored="0" total="1" passed="1" failed="0" skipped="0">
  <reporter-output>
  </reporter-output>
  <suite started-at="2022-01-07T14:13:40 EET" name="Default suite" finished-at="2022-01-07T14:13:42 EET" duration-ms="1399">
    <groups>
    </groups>
    <test started-at="2022-01-07T14:13:40 EET" name="Default test" finished-at="2022-01-07T14:13:42 EET" duration-ms="1399">
      <class name="Tests_POST">
        <test-method signature="test_1_post()[pri:0, instance:Tests_POST@77eca502]" started-at="2022-01-07T14:13:40 EET" name="test_1_post" finished-at="2022-01-07T14:13:42 EET" duration-ms="1368" status="PASS">
          <reporter-output>
          </reporter-output>
        </test-method> <!-- test_1_post -->
      </class> <!-- Tests_POST -->
    </test> <!-- Default test -->
  </suite> <!-- Default suite -->
</testng-results>
